<?xml version="1.0" encoding="UTF-8"?>
<testsuite xmlns:xsi="http://www.w3.org/2001/XMLSchema-instance" xsi:noNamespaceSchemaLocation="https://maven.apache.org/surefire/maven-surefire-plugin/xsd/surefire-test-report-3.0.xsd" version="3.0" name="br.com.example.domain.calculator.service.chain.CalculatorEngineTest" time="0.01" tests="3" errors="0" skipped="0" failures="0">
  <properties>
    <property name="java.specification.version" value="17"/>
    <property name="sun.cpu.isalist" value="amd64"/>
    <property name="sun.jnu.encoding" value="Cp1252"/>
    <property name="java.class.path" value="C:\GIT\component-loan-calculator\target\test-classes;C:\GIT\component-loan-calculator\target\classes;C:\Users\rafae\.m2\repository\org\projectlombok\lombok\1.18.38\lombok-1.18.38.jar;C:\Users\rafae\.m2\repository\org\junit\jupiter\junit-jupiter\5.13.0-M2\junit-jupiter-5.13.0-M2.jar;C:\Users\rafae\.m2\repository\org\junit\jupiter\junit-jupiter-api\5.13.0-M2\junit-jupiter-api-5.13.0-M2.jar;C:\Users\rafae\.m2\repository\org\opentest4j\opentest4j\1.3.0\opentest4j-1.3.0.jar;C:\Users\rafae\.m2\repository\org\junit\platform\junit-platform-commons\1.13.0-M2\junit-platform-commons-1.13.0-M2.jar;C:\Users\rafae\.m2\repository\org\apiguardian\apiguardian-api\1.1.2\apiguardian-api-1.1.2.jar;C:\Users\rafae\.m2\repository\org\junit\jupiter\junit-jupiter-params\5.13.0-M2\junit-jupiter-params-5.13.0-M2.jar;C:\Users\rafae\.m2\repository\org\junit\jupiter\junit-jupiter-engine\5.13.0-M2\junit-jupiter-engine-5.13.0-M2.jar;C:\Users\rafae\.m2\repository\org\junit\platform\junit-platform-engine\1.13.0-M2\junit-platform-engine-1.13.0-M2.jar;"/>
    <property name="java.vm.vendor" value="Oracle Corporation"/>
    <property name="sun.arch.data.model" value="64"/>
    <property name="user.variant" value=""/>
    <property name="java.vendor.url" value="https://java.oracle.com/"/>
    <property name="user.timezone" value="America/Sao_Paulo"/>
    <property name="user.country.format" value="BR"/>
    <property name="os.name" value="Windows 11"/>
    <property name="java.vm.specification.version" value="17"/>
    <property name="sun.java.launcher" value="SUN_STANDARD"/>
    <property name="user.country" value="US"/>
    <property name="sun.boot.library.path" value="C:\Program Files\Java\jdk-17\bin"/>
    <property name="sun.java.command" value="C:\Users\rafae\AppData\Local\Temp\surefire1528877164270142680\surefirebooter-20250428234923581_3.jar C:\Users\rafae\AppData\Local\Temp\surefire1528877164270142680 2025-04-28T23-49-22_154-jvmRun1 surefire-20250428234923581_1tmp surefire_0-20250428234923581_2tmp"/>
    <property name="jdk.debug" value="release"/>
    <property name="surefire.test.class.path" value="C:\GIT\component-loan-calculator\target\test-classes;C:\GIT\component-loan-calculator\target\classes;C:\Users\rafae\.m2\repository\org\projectlombok\lombok\1.18.38\lombok-1.18.38.jar;C:\Users\rafae\.m2\repository\org\junit\jupiter\junit-jupiter\5.13.0-M2\junit-jupiter-5.13.0-M2.jar;C:\Users\rafae\.m2\repository\org\junit\jupiter\junit-jupiter-api\5.13.0-M2\junit-jupiter-api-5.13.0-M2.jar;C:\Users\rafae\.m2\repository\org\opentest4j\opentest4j\1.3.0\opentest4j-1.3.0.jar;C:\Users\rafae\.m2\repository\org\junit\platform\junit-platform-commons\1.13.0-M2\junit-platform-commons-1.13.0-M2.jar;C:\Users\rafae\.m2\repository\org\apiguardian\apiguardian-api\1.1.2\apiguardian-api-1.1.2.jar;C:\Users\rafae\.m2\repository\org\junit\jupiter\junit-jupiter-params\5.13.0-M2\junit-jupiter-params-5.13.0-M2.jar;C:\Users\rafae\.m2\repository\org\junit\jupiter\junit-jupiter-engine\5.13.0-M2\junit-jupiter-engine-5.13.0-M2.jar;C:\Users\rafae\.m2\repository\org\junit\platform\junit-platform-engine\1.13.0-M2\junit-platform-engine-1.13.0-M2.jar;"/>
    <property name="sun.cpu.endian" value="little"/>
    <property name="user.home" value="C:\Users\rafae"/>
    <property name="user.language" value="en"/>
    <property name="java.specification.vendor" value="Oracle Corporation"/>
    <property name="java.version.date" value="2023-04-18"/>
    <property name="java.home" value="C:\Program Files\Java\jdk-17"/>
    <property name="file.separator" value="\"/>
    <property name="basedir" value="C:\GIT\component-loan-calculator"/>
    <property name="java.vm.compressedOopsMode" value="32-bit"/>
    <property name="line.separator" value="&#10;"/>
    <property name="java.vm.specification.vendor" value="Oracle Corporation"/>
    <property name="java.specification.name" value="Java Platform API Specification"/>
    <property name="surefire.real.class.path" value="C:\Users\rafae\AppData\Local\Temp\surefire1528877164270142680\surefirebooter-20250428234923581_3.jar"/>
    <property name="user.script" value=""/>
    <property name="sun.management.compiler" value="HotSpot 64-Bit Tiered Compilers"/>
    <property name="java.runtime.version" value="17.0.7+8-LTS-224"/>
    <property name="user.name" value="rafae"/>
    <property name="path.separator" value=";"/>
    <property name="os.version" value="10.0"/>
    <property name="java.runtime.name" value="Java(TM) SE Runtime Environment"/>
    <property name="file.encoding" value="Cp1252"/>
    <property name="java.vm.name" value="Java HotSpot(TM) 64-Bit Server VM"/>
    <property name="localRepository" value="C:\Users\rafae\.m2\repository"/>
    <property name="java.vendor.url.bug" value="https://bugreport.java.com/bugreport/"/>
    <property name="java.io.tmpdir" value="C:\Users\rafae\AppData\Local\Temp\"/>
    <property name="idea.version" value="2025.1"/>
    <property name="java.version" value="17.0.7"/>
    <property name="user.dir" value="C:\GIT\component-loan-calculator"/>
    <property name="os.arch" value="amd64"/>
    <property name="java.vm.specification.name" value="Java Virtual Machine Specification"/>
    <property name="user.language.format" value="pt"/>
    <property name="sun.os.patch.level" value=""/>
    <property name="native.encoding" value="Cp1252"/>
    <property name="java.library.path" value="C:\Program Files\Java\jdk-17\bin;C:\WINDOWS\Sun\Java\bin;C:\WINDOWS\system32;C:\WINDOWS;C:\Program Files\Common Files\Oracle\Java\javapath;C:\WINDOWS\system32;C:\WINDOWS;C:\WINDOWS\System32\Wbem;C:\WINDOWS\System32\WindowsPowerShell\v1.0\;C:\WINDOWS\System32\OpenSSH\;C:\Program Files\Microsoft SQL Server\150\Tools\Binn\;C:\Program Files\Microsoft SQL Server\Client SDK\ODBC\170\Tools\Binn\;C:\Program Files\dotnet\;C:\Program Files (x86)\Microsoft SQL Server\150\DTS\Binn\;C:\Program Files\Microsoft SQL Server\150\DTS\Binn\;C:\Program Files (x86)\Microsoft SQL Server\150\Tools\Binn\;C:\Program Files\Azure Data Studio\bin;C:\WINDOWS\system32;C:\WINDOWS;C:\WINDOWS\System32\Wbem;C:\WINDOWS\System32\WindowsPowerShell\v1.0\;C:\WINDOWS\System32\OpenSSH\;C:\Program Files\Git\cmd;C:\Program Files\Amazon\AWSCLIV2\;C:\Program Files\Docker\Docker\resources\bin;C:\Users\rafae\AppData\Local\Microsoft\WindowsApps;C:\Users\rafae\.dotnet\tools;C:\Program Files\Azure Data Studio\bin;C:\Users\rafae\AppData\Local\Programs\Microsoft VS Code\bin;C:\Program Files\PostgreSQL\16\bin;C:\Program Files\Java\jdk-17\bin;C:\Maven\apache-maven-3.9.9\bin;;C:\Program Files\JetBrains\IntelliJ IDEA Community Edition 2025.1\bin;;."/>
    <property name="java.vm.info" value="mixed mode, sharing"/>
    <property name="java.vendor" value="Oracle Corporation"/>
    <property name="java.vm.version" value="17.0.7+8-LTS-224"/>
    <property name="sun.io.unicode.encoding" value="UnicodeLittle"/>
    <property name="java.class.version" value="61.0"/>
  </properties>
  <testcase name="testCalculateWithThreeParameters" classname="br.com.example.domain.calculator.service.chain.CalculatorEngineTest" time="0.004"/>
  <testcase name="testSingleCalculate" classname="br.com.example.domain.calculator.service.chain.CalculatorEngineTest" time="0.002"/>
  <testcase name="testCalculateWithTwoParameters" classname="br.com.example.domain.calculator.service.chain.CalculatorEngineTest" time="0.002"/>
</testsuite>